{
  "RSpec": {
    "coverage": {
      "/home/husq/rails/abilitysheet/config/environment.rb": [
        null,
        1,
        null,
        null,
        1
      ],
      "/home/husq/rails/abilitysheet/config/application.rb": [
        1,
        null,
        1,
        null,
        null,
        null,
        1,
        null,
        1,
        1,
        null,
        null,
        null,
        null,
        null,
        null,
        1,
        1,
        null,
        null,
        null,
        1,
        null,
        1,
        1,
        1,
        null,
        null,
        1,
        null,
        null,
        1,
        null,
        null,
        1,
        null,
        null,
        1,
        null,
        null,
        1,
        1,
        null,
        null,
        1,
        null,
        null
      ],
      "/home/husq/rails/abilitysheet/config/boot.rb": [
        null,
        1,
        null,
        1
      ],
      "/home/husq/rails/abilitysheet/config/environments/test.rb": [
        1,
        null,
        null,
        null,
        null,
        null,
        null,
        1,
        null,
        null,
        null,
        null,
        1,
        null,
        null,
        1,
        1,
        null,
        null,
        1,
        1,
        null,
        null,
        1,
        null,
        null,
        1,
        null,
        null,
        null,
        null,
        1,
        null,
        null,
        1,
        null,
        null,
        null,
        null
      ],
      "/home/husq/rails/abilitysheet/config/initializers/assets.rb": [
        null,
        null,
        null,
        1,
        null,
        null,
        null,
        null
      ],
      "/home/husq/rails/abilitysheet/config/initializers/backtrace_silencers.rb": [
        null,
        null,
        null,
        null,
        null,
        null,
        null
      ],
      "/home/husq/rails/abilitysheet/config/initializers/cookies_serializer.rb": [
        null,
        null,
        1
      ],
      "/home/husq/rails/abilitysheet/config/initializers/devise.rb": [
        null,
        null,
        1,
        null,
        null,
        null,
        1,
        null,
        null,
        null,
        null,
        null,
        null,
        1,
        null,
        null,
        null,
        null,
        null,
        null,
        null,
        null,
        1,
        null,
        null,
        null,
        null,
        null,
        null,
        null,
        null,
        null,
        1,
        null,
        null,
        null,
        null,
        null,
        null,
        null,
        null,
        null,
        null,
        null,
        1,
        null,
        null,
        null,
        null,
        1,
        null,
        null,
        null,
        null,
        null,
        null,
        null,
        null,
        null,
        null,
        null,
        null,
        null,
        null,
        null,
        null,
        null,
        null,
        null,
        null,
        null,
        null,
        null,
        null,
        null,
        null,
        null,
        null,
        null,
        null,
        1,
        null,
        null,
        null,
        null,
        null,
        null,
        null,
        null,
        null,
        null,
        null,
        null,
        null,
        null,
        null,
        null,
        1,
        null,
        null,
        null,
        null,
        null,
        null,
        null,
        null,
        null,
        null,
        null,
        null,
        null,
        null,
        null,
        null,
        null,
        null,
        null,
        null,
        null,
        null,
        null,
        null,
        1,
        null,
        null,
        null,
        null,
        null,
        null,
        null,
        null,
        null,
        1,
        null,
        null,
        null,
        null,
        null,
        null,
        null,
        null,
        null,
        null,
        1,
        null,
        null,
        null,
        null,
        null,
        null,
        null,
        null,
        null,
        null,
        null,
        null,
        null,
        null,
        null,
        null,
        null,
        null,
        null,
        null,
        null,
        null,
        null,
        null,
        null,
        null,
        null,
        null,
        null,
        null,
        null,
        null,
        null,
        null,
        null,
        null,
        null,
        null,
        null,
        null,
        null,
        null,
        null,
        null,
        null,
        null,
        null,
        null,
        1,
        null,
        null,
        null,
        null,
        null,
        null,
        null,
        null,
        null,
        null,
        null,
        null,
        null,
        null,
        null,
        null,
        null,
        null,
        null,
        null,
        null,
        null,
        null,
        null,
        null,
        null,
        null,
        null,
        null,
        null,
        null,
        null,
        null,
        null,
        null,
        null,
        null,
        1,
        null,
        null,
        null,
        null,
        null,
        null,
        null,
        null,
        null,
        null,
        null,
        null,
        null,
        null,
        null,
        null,
        null,
        null,
        null,
        null,
        null,
        null,
        null,
        null,
        null,
        null,
        null,
        null,
        null
      ],
      "/home/husq/rails/abilitysheet/config/initializers/filter_parameter_logging.rb": [
        null,
        null,
        null,
        1
      ],
      "/home/husq/rails/abilitysheet/config/initializers/inflections.rb": [
        null,
        null,
        null,
        null,
        null,
        null,
        null,
        null,
        null,
        null,
        null,
        null,
        null,
        null,
        null,
        null
      ],
      "/home/husq/rails/abilitysheet/config/initializers/mime_types.rb": [
        null,
        null,
        null,
        null
      ],
      "/home/husq/rails/abilitysheet/config/initializers/mini_profiler.rb": [
        1,
        0,
        0,
        0,
        0,
        null
      ],
      "/home/husq/rails/abilitysheet/config/initializers/rack_profiler.rb": [
        1,
        0,
        null,
        null,
        0,
        null
      ],
      "/home/husq/rails/abilitysheet/config/initializers/rails_admin.rb": [
        1,
        null,
        null,
        null,
        null,
        1,
        0,
        null,
        1,
        null,
        null,
        1,
        null,
        null,
        null,
        null,
        null,
        null,
        1,
        1,
        1,
        1,
        1,
        1,
        1,
        1,
        1,
        1,
        null,
        null,
        null,
        null,
        null,
        null
      ],
      "/home/husq/rails/abilitysheet/config/initializers/session_store.rb": [
        null,
        null,
        1
      ],
      "/home/husq/rails/abilitysheet/config/initializers/wrap_parameters.rb": [
        null,
        null,
        null,
        null,
        null,
        null,
        1,
        1,
        null,
        null,
        null,
        null,
        null,
        null
      ],
      "/home/husq/rails/abilitysheet/config/routes.rb": [
        1,
        1,
        null,
        1,
        null,
        null,
        1,
        1,
        1,
        1,
        null,
        null,
        1,
        1,
        1,
        1,
        1,
        1,
        1,
        1,
        1,
        1,
        1,
        null,
        1,
        1,
        1,
        null,
        null,
        null,
        null,
        1,
        1,
        1,
        1,
        1,
        1,
        null,
        null,
        1,
        1,
        1,
        null,
        null,
        1,
        1,
        1,
        null,
        null,
        1,
        1,
        1,
        1,
        1,
        null,
        null,
        1,
        1,
        null,
        null,
        1,
        null
      ],
      "/home/husq/rails/abilitysheet/app/models/user.rb": [
        1,
        1,
        1,
        1,
        1,
        null,
        null,
        1,
        null,
        null,
        null,
        1,
        1,
        null,
        1,
        null,
        null,
        null,
        null,
        null,
        1,
        null,
        null,
        null,
        null,
        1,
        null,
        null,
        null,
        null,
        1,
        1,
        1,
        null,
        null,
        null,
        null,
        null,
        null,
        null,
        null,
        null,
        null,
        null,
        null,
        null,
        null,
        null,
        1,
        null,
        null,
        null,
        null,
        null,
        null,
        1,
        null,
        null,
        null,
        null,
        null,
        1,
        null,
        null,
        48,
        null,
        null,
        null,
        null,
        null,
        null,
        null,
        null,
        null,
        null,
        null,
        null,
        null,
        null,
        1,
        null,
        18,
        null,
        null,
        null,
        null,
        1,
        18,
        8,
        10,
        2,
        8,
        1,
        null,
        7,
        null,
        null,
        null,
        1,
        1,
        1,
        18,
        1,
        null,
        null,
        1,
        1,
        49,
        1,
        null,
        null,
        null,
        null,
        1,
        108,
        null,
        null,
        1,
        216,
        null,
        null
      ],
      "/home/husq/rails/abilitysheet/app/api/api.rb": [
        1,
        1,
        null
      ],
      "/home/husq/rails/abilitysheet/app/api/v22/score_viewer.rb": [
        1,
        1,
        1,
        1,
        null,
        1,
        1,
        null,
        null,
        1,
        null,
        1,
        0,
        0,
        0,
        null,
        0,
        null,
        null,
        null,
        null
      ],
      "/home/husq/rails/abilitysheet/app/helpers/application_helper.rb": [
        1,
        null
      ],
      "/home/husq/rails/abilitysheet/app/models/sheet.rb": [
        1,
        1,
        1,
        1,
        null,
        1,
        1,
        1,
        1,
        1,
        1,
        null,
        2,
        null,
        1,
        1,
        1,
        null,
        null,
        null,
        null,
        null,
        null,
        null,
        null,
        null,
        null,
        null,
        null,
        null,
        null,
        null,
        null,
        null,
        null,
        null,
        null,
        null,
        null
      ],
      "/home/husq/rails/abilitysheet/lib/scrape/maneger.rb": [
        1,
        1,
        1,
        1,
        6,
        6,
        6,
        6,
        6,
        null,
        null,
        1,
        2,
        2,
        null,
        null,
        1,
        167,
        0,
        0,
        0,
        0,
        0,
        0,
        null,
        null,
        null,
        0,
        0,
        0,
        null,
        null,
        1,
        null,
        2,
        null,
        null,
        2,
        1,
        null,
        null,
        1,
        2,
        null,
        null,
        2,
        2,
        5,
        172,
        5,
        null,
        null,
        null,
        2,
        2,
        2,
        2,
        1,
        null,
        2,
        null,
        null,
        1,
        168,
        167,
        167,
        167,
        167,
        null,
        1,
        null,
        null,
        1,
        167,
        4,
        2,
        null,
        2,
        null,
        4,
        null,
        null,
        null,
        1,
        167,
        167,
        1,
        1,
        1,
        1,
        1,
        1,
        1,
        1,
        1,
        1,
        1,
        1,
        1,
        1,
        1,
        1,
        1,
        1,
        1,
        1,
        null,
        167,
        null,
        null,
        1,
        167,
        167,
        null,
        null,
        1,
        null,
        6,
        6,
        6,
        6,
        6,
        6,
        null,
        null,
        6,
        6,
        10,
        10,
        10,
        80,
        80,
        80,
        null,
        10,
        null,
        null,
        null,
        null
      ]
    },
    "timestamp": 1421439882
  }
}
